# JRE version: Java(TM) SE Runtime Environment (8.0_321-b07) (build 1.8.0_321-b07)
# Java VM: Java HotSpot(TM) 64-Bit Server VM (25.321-b07 mixed mode windows-amd64 compressed oops)
Heap:
 PSYoungGen      total 112128K, used 37195K [0x00000000d5580000, 0x00000000dd280000, 0x0000000100000000)
  eden space 96256K, 25% used [0x00000000d5580000,0x00000000d6d9fd40,0x00000000db380000)
  from space 15872K, 78% used [0x00000000dc300000,0x00000000dcf32fd0,0x00000000dd280000)
  to   space 15872K, 0% used [0x00000000db380000,0x00000000db380000,0x00000000dc300000)
 ParOldGen       total 257024K, used 24K [0x0000000080000000, 0x000000008fb00000, 0x00000000d5580000)
  object space 257024K, 0% used [0x0000000080000000,0x0000000080006000,0x000000008fb00000)
 Metaspace       used 18807K, capacity 19736K, committed 19840K, reserved 1067008K
  class space    used 2630K, capacity 2856K, committed 2944K, reserved 1048576K
GC Heap History (4 events):
Event: 0.963 GC heap before
{Heap before GC invocations=1 (full 0):
 PSYoungGen      total 112128K, used 96256K [0x00000000d5580000, 0x00000000dd280000, 0x0000000100000000)
  eden space 96256K, 100% used [0x00000000d5580000,0x00000000db380000,0x00000000db380000)
  from space 15872K, 0% used [0x00000000dc300000,0x00000000dc300000,0x00000000dd280000)
  to   space 15872K, 0% used [0x00000000db380000,0x00000000db380000,0x00000000dc300000)
 ParOldGen       total 257024K, used 0K [0x0000000080000000, 0x000000008fb00000, 0x00000000d5580000)
  object space 257024K, 0% used [0x0000000080000000,0x0000000080000000,0x000000008fb00000)
 Metaspace       used 8051K, capacity 8304K, committed 8576K, reserved 1056768K
  class space    used 998K, capacity 1091K, committed 1152K, reserved 1048576K
Event: 0.968 GC heap after
Heap after GC invocations=1 (full 0):
 PSYoungGen      total 112128K, used 7699K [0x00000000d5580000, 0x00000000dd280000, 0x0000000100000000)
  eden space 96256K, 0% used [0x00000000d5580000,0x00000000d5580000,0x00000000db380000)
  from space 15872K, 48% used [0x00000000db380000,0x00000000dbb04e28,0x00000000dc300000)
  to   space 15872K, 0% used [0x00000000dc300000,0x00000000dc300000,0x00000000dd280000)
 ParOldGen       total 257024K, used 16K [0x0000000080000000, 0x000000008fb00000, 0x00000000d5580000)
  object space 257024K, 0% used [0x0000000080000000,0x0000000080004000,0x000000008fb00000)
 Metaspace       used 8051K, capacity 8304K, committed 8576K, reserved 1056768K
  class space    used 998K, capacity 1091K, committed 1152K, reserved 1048576K
}
Event: 2.242 GC heap before
{Heap before GC invocations=2 (full 0):
 PSYoungGen      total 112128K, used 103955K [0x00000000d5580000, 0x00000000dd280000, 0x0000000100000000)
  eden space 96256K, 100% used [0x00000000d5580000,0x00000000db380000,0x00000000db380000)
  from space 15872K, 48% used [0x00000000db380000,0x00000000dbb04e28,0x00000000dc300000)
  to   space 15872K, 0% used [0x00000000dc300000,0x00000000dc300000,0x00000000dd280000)
 ParOldGen       total 257024K, used 16K [0x0000000080000000, 0x000000008fb00000, 0x00000000d5580000)
  object space 257024K, 0% used [0x0000000080000000,0x0000000080004000,0x000000008fb00000)
 Metaspace       used 17085K, capacity 17822K, committed 17920K, reserved 1064960K
  class space    used 2359K, capacity 2557K, committed 2560K, reserved 1048576K
Event: 2.248 GC heap after
Heap after GC invocations=2 (full 0):
 PSYoungGen      total 112128K, used 12491K [0x00000000d5580000, 0x00000000dd280000, 0x0000000100000000)
  eden space 96256K, 0% used [0x00000000d5580000,0x00000000d5580000,0x00000000db380000)
  from space 15872K, 78% used [0x00000000dc300000,0x00000000dcf32fd0,0x00000000dd280000)
  to   space 15872K, 0% used [0x00000000db380000,0x00000000db380000,0x00000000dc300000)
 ParOldGen       total 257024K, used 24K [0x0000000080000000, 0x000000008fb00000, 0x00000000d5580000)
  object space 257024K, 0% used [0x0000000080000000,0x0000000080006000,0x000000008fb00000)
 Metaspace       used 17085K, capacity 17822K, committed 17920K, reserved 1064960K
  class space    used 2359K, capacity 2557K, committed 2560K, reserved 1048576K
}

